TN:
SF:F:\Workspaces\yideng\jws2\build\app.js
FN:35,_interopRequireDefault
FN:60,(anonymous_1)
FNF:2
FNH:2
FNDA:7,_interopRequireDefault
FNDA:1,(anonymous_1)
DA:3,1
DA:7,1
DA:9,1
DA:11,1
DA:13,1
DA:15,1
DA:17,1
DA:19,1
DA:21,1
DA:23,1
DA:25,1
DA:27,1
DA:29,1
DA:31,1
DA:33,1
DA:35,7
DA:37,1
DA:40,1
DA:43,1
DA:54,1
DA:57,1
DA:60,1
DA:61,1
DA:65,1
LF:24
LH:24
BRDA:35,0,0,2
BRDA:35,0,1,5
BRDA:35,1,0,7
BRDA:35,1,1,7
BRF:4
BRH:4
end_of_record
TN:
SF:F:\Workspaces\yideng\jws2\build\config\index.js
FN:3,_interopDefault
FNF:1
FNH:1
FNDA:2,_interopDefault
DA:3,2
DA:5,1
DA:6,1
DA:17,1
DA:24,1
DA:27,1
DA:29,1
DA:31,1
LF:8
LH:8
BRDA:3,0,0,0
BRDA:3,0,1,2
BRDA:3,1,0,2
BRDA:3,1,1,2
BRDA:3,1,2,1
BRF:5
BRH:4
end_of_record
TN:
SF:F:\Workspaces\yideng\jws2\build\middlewares\errorhandler.js
FN:15,_interopRequireDefault
FN:40,(anonymous_1)
FN:50,(anonymous_2)
FNF:3
FNH:3
FNDA:2,_interopRequireDefault
FNDA:3,(anonymous_1)
FNDA:3,(anonymous_2)
DA:3,1
DA:7,1
DA:9,1
DA:11,1
DA:13,1
DA:15,2
DA:21,1
DA:27,1
DA:33,1
DA:40,1
DA:41,3
DA:42,3
DA:45,0
DA:46,0
DA:47,0
DA:50,1
DA:51,3
DA:52,3
DA:53,1
DA:54,1
DA:55,1
DA:59,1
LF:22
LH:19
BRDA:15,0,0,0
BRDA:15,0,1,2
BRDA:15,1,0,2
BRDA:15,1,1,2
BRDA:46,2,0,0
BRDA:46,2,1,0
BRDA:52,3,0,2
BRDA:52,3,1,1
BRF:8
BRH:5
end_of_record
TN:
SF:F:\Workspaces\yideng\jws2\build\models\index.js
FN:15,_interopRequireDefault
FN:26,(anonymous_1)
FN:31,(anonymous_2)
FN:32,(anonymous_3)
FNF:4
FNH:4
FNDA:2,_interopRequireDefault
FNDA:1,(anonymous_1)
FNDA:1,(anonymous_2)
FNDA:1,(anonymous_3)
DA:3,1
DA:7,1
DA:9,1
DA:11,1
DA:13,1
DA:15,2
DA:32,1
DA:33,1
DA:34,1
DA:39,1
LF:10
LH:10
BRDA:15,0,0,0
BRDA:15,0,1,2
BRDA:15,1,0,2
BRDA:15,1,1,2
BRF:4
BRH:3
end_of_record
TN:
SF:F:\Workspaces\yideng\jws2\build\routers\index.js
FN:11,_interopRequireDefault
FN:23,(anonymous_1)
FN:36,(anonymous_2)
FNF:3
FNH:3
FNDA:1,_interopRequireDefault
FNDA:1,(anonymous_1)
FNDA:1,(anonymous_2)
DA:3,1
DA:7,1
DA:9,1
DA:11,1
DA:17,1
DA:23,1
DA:25,1
DA:36,1
DA:37,1
DA:38,1
DA:39,1
DA:48,1
LF:12
LH:12
BRDA:11,0,0,1
BRDA:11,0,1,0
BRDA:11,1,0,1
BRDA:11,1,1,1
BRF:4
BRH:3
end_of_record
TN:
SF:F:\Workspaces\yideng\jws2\build\routers\init.js
FN:15,_interopRequireDefault
FNF:1
FNH:1
FNDA:2,_interopRequireDefault
DA:3,1
DA:7,1
DA:9,1
DA:11,1
DA:13,1
DA:15,2
DA:21,1
DA:24,1
DA:25,1
DA:29,1
LF:10
LH:10
BRDA:15,0,0,1
BRDA:15,0,1,1
BRDA:15,1,0,2
BRDA:15,1,1,2
BRF:4
BRH:4
end_of_record
